bob
dana
alex
2
2
2
McGill University
Computer Science
2
HS
0
0
0
0
2
2
2
2
2
2
2
2
2
2
2
2
2
2
2
dasdsad
2
2
2
McGill University
Software Engineering
2
HS
0
0
0
0
2
2
2
2
2
2
2
2
2
2
2
2
2
2
2
asdfasdf
2
2
2
C
Software Engineering
2
HS
0
0
0
0
2
2
2
2
2
2
2
2
2
2
2
2
2
2
2
seadfasdg
2
2
2
a
Computer Science
2
HS
0
0
0
0
2
2
2
2
2
2
2
2
2
2
2
2
2
2
2
asdasd
3
2
2
McGill University
Software Engineering
2
HS
0
0
0
0
2
2
2
2
2
2
2
2
2
2
2
2
2
2
2
anna
2
2
2
McGill University
Computer Science
2
Associates
0
0
0
0
1
1
1
1
1
2
2
2
2
2
3
3
3
3
3
adddsdsd
2
2
2
a
Computer Science
2
HS
0
0
0
0
2
2
2
2
2
2
2
2
2
2
2
2
2
2
2
asdasd
2
2
2
a
Computer Science
2
HS
0
0
0
0
2
2
2
2
2
2
2
2
2
2
2
2
2
2
2
fgsdgsdfgsj11
2
2
2
a
Computer Science
2
HS
0
0
0
0
2
2
2
2
2
2
2
2
2
2
2
2
2
2
2
anna
3
3
3
McGill University
Computer Science
3
Associates
0
0
0
0
1
1
1
1
1
2
2
2
2
2
3
3
3
3
3
sfdgsfgd
2
2
2
M
Computer Science
2
HS
0
0
0
0
2
2
2
2
2
2
2
2
2
2
2
2
2
2
2
sdfjghskjfdgh
4
4
1
McGill University
Computer Science
1
Bachelors
0
0
0
0
1
1
1
1
1
1
1
1
1
1
1
1
1
1
1
